2023-05-16 21:05:467 INFO  HomePage :74 - Mouse hover on “Desktops” Tab and click [[ChromeDriver: chrome on WINDOWS (1cdc6a1beb6907861320848cc0afed52)] -> link text: Desktops]
2023-05-16 21:05:126 INFO  HomePage :93 - Click on Show All Desktop tab [[ChromeDriver: chrome on WINDOWS (1cdc6a1beb6907861320848cc0afed52)] -> xpath: //a[normalize-space()='Show AllDesktops']]
2023-05-16 21:05:328 INFO  DesktopPage :45 - Click on sort by position [[ChromeDriver: chrome on WINDOWS (1cdc6a1beb6907861320848cc0afed52)] -> id: input-sort]
2023-05-16 21:05:43 INFO  DesktopPage :74 - Select option product sorted by Name (Z - A)from sort by options [[ChromeDriver: chrome on WINDOWS (1cdc6a1beb6907861320848cc0afed52)] -> id: input-sort]
2023-05-16 21:05:420 INFO  HomePage :80 - Mouse hover on “Laptops & Notebooks” Tab and click [[ChromeDriver: chrome on WINDOWS (7a8f60342a530931091db732d0a6dd1f)] -> link text: Laptops & Notebooks]
2023-05-16 21:05:03 INFO  HomePage :99 - Click on Show All LaptopAndNotebook Tab [[ChromeDriver: chrome on WINDOWS (7a8f60342a530931091db732d0a6dd1f)] -> xpath: //a[normalize-space()='Show AllLaptops & Notebooks']]
2023-05-16 21:05:203 INFO  DesktopPage :45 - Click on sort by position [[ChromeDriver: chrome on WINDOWS (7a8f60342a530931091db732d0a6dd1f)] -> id: input-sort]
2023-05-16 21:05:962 INFO  DesktopPage :74 - Select option product sorted by Price (High > Low)from sort by options [[ChromeDriver: chrome on WINDOWS (7a8f60342a530931091db732d0a6dd1f)] -> id: input-sort]
2023-05-16 21:05:110 INFO  LaptopAndNotebookPage :63 - Verify Product sorted  price High to low [[[ChromeDriver: chrome on WINDOWS (7a8f60342a530931091db732d0a6dd1f)] -> xpath: //p[@class ='price']], [[ChromeDriver: chrome on WINDOWS (7a8f60342a530931091db732d0a6dd1f)] -> xpath: //p[@class ='price']], [[ChromeDriver: chrome on WINDOWS (7a8f60342a530931091db732d0a6dd1f)] -> xpath: //p[@class ='price']], [[ChromeDriver: chrome on WINDOWS (7a8f60342a530931091db732d0a6dd1f)] -> xpath: //p[@class ='price']], [[ChromeDriver: chrome on WINDOWS (7a8f60342a530931091db732d0a6dd1f)] -> xpath: //p[@class ='price']]]
2023-05-16 21:05:205 INFO  LaptopAndNotebookPage :63 - Verify Product sorted  price High to low [[[ChromeDriver: chrome on WINDOWS (7a8f60342a530931091db732d0a6dd1f)] -> xpath: //p[@class ='price']], [[ChromeDriver: chrome on WINDOWS (7a8f60342a530931091db732d0a6dd1f)] -> xpath: //p[@class ='price']], [[ChromeDriver: chrome on WINDOWS (7a8f60342a530931091db732d0a6dd1f)] -> xpath: //p[@class ='price']], [[ChromeDriver: chrome on WINDOWS (7a8f60342a530931091db732d0a6dd1f)] -> xpath: //p[@class ='price']], [[ChromeDriver: chrome on WINDOWS (7a8f60342a530931091db732d0a6dd1f)] -> xpath: //p[@class ='price']]]
2023-05-16 21:05:23 INFO  HomePage :128 - Select Login from myAccount drop down list [[[ChromeDriver: chrome on WINDOWS (a26655a2f4fdaf7823f1c8895d49725a)] -> xpath: //ul[@class='dropdown-menu dropdown-menu-right']/li], [[ChromeDriver: chrome on WINDOWS (a26655a2f4fdaf7823f1c8895d49725a)] -> xpath: //ul[@class='dropdown-menu dropdown-menu-right']/li]]
2023-05-16 21:05:59 INFO  LoginPage :36 - Verify the text “Returning Customer” [[ChromeDriver: chrome on WINDOWS (a26655a2f4fdaf7823f1c8895d49725a)] -> xpath: //h2[contains(text(),'Returning Customer')]]
2023-05-16 21:05:598 INFO  HomePage :128 - Select Register from myAccount drop down list [[[ChromeDriver: chrome on WINDOWS (0cf1061088ce5c0d10ec1098af6fd8f9)] -> xpath: //ul[@class='dropdown-menu dropdown-menu-right']/li], [[ChromeDriver: chrome on WINDOWS (0cf1061088ce5c0d10ec1098af6fd8f9)] -> xpath: //ul[@class='dropdown-menu dropdown-menu-right']/li]]
2023-05-16 21:05:632 INFO  RegisterPage :58 - Verify the text “Register Account”. [[ChromeDriver: chrome on WINDOWS (0cf1061088ce5c0d10ec1098af6fd8f9)] -> xpath: //h1[contains(text(),'Register Account')]]
2023-05-16 21:05:782 INFO  HomePage :74 - Mouse hover on “Desktops” Tab and click [[ChromeDriver: chrome on WINDOWS (cfe567dc4157e09a7160712ec7ae9912)] -> link text: Desktops]
2023-05-16 21:05:831 INFO  HomePage :68 - Click Show All Desktops from homepage Top menu  []
2023-05-16 21:05:852 INFO  DesktopPage :39 - Verify the text ‘Desktops’[[ChromeDriver: chrome on WINDOWS (cfe567dc4157e09a7160712ec7ae9912)] -> xpath: //h2[contains(text(),'Desktops')]]
2023-05-16 21:05:102 INFO  HomePage :74 - Mouse hover on “Desktops” Tab and click [[ChromeDriver: chrome on WINDOWS (1f8ca0f01febe14d7ca815fe7078e429)] -> link text: Desktops]
2023-05-16 21:05:726 INFO  HomePage :93 - Click on Show All Desktop tab [[ChromeDriver: chrome on WINDOWS (1f8ca0f01febe14d7ca815fe7078e429)] -> xpath: //a[normalize-space()='Show AllDesktops']]
2023-05-16 21:05:862 INFO  HomePage :105 - Clicking on Currency on top of page [[ChromeDriver: chrome on WINDOWS (1f8ca0f01febe14d7ca815fe7078e429)] -> xpath: //span[normalize-space()='Currency']]
2023-05-16 21:05:735 INFO  HomePage :113 - Select £Pound Sterling from currency drop down list [[[ChromeDriver: chrome on WINDOWS (1f8ca0f01febe14d7ca815fe7078e429)] -> xpath: //ul[@class = 'dropdown-menu']/li], [[ChromeDriver: chrome on WINDOWS (1f8ca0f01febe14d7ca815fe7078e429)] -> xpath: //ul[@class = 'dropdown-menu']/li], [[ChromeDriver: chrome on WINDOWS (1f8ca0f01febe14d7ca815fe7078e429)] -> xpath: //ul[@class = 'dropdown-menu']/li]]
2023-05-16 21:05:406 INFO  DesktopPage :74 - Select option product sorted by Name (A - Z)from sort by options [[ChromeDriver: chrome on WINDOWS (1f8ca0f01febe14d7ca815fe7078e429)] -> id: input-sort]
2023-05-16 21:05:272 INFO  DesktopPage :79 - Clicking on HP LP3065 [[ChromeDriver: chrome on WINDOWS (1f8ca0f01febe14d7ca815fe7078e429)] -> xpath: //a[contains(text(),'HP LP3065')]]
2023-05-16 21:05:290 INFO  ProductPage :52 - Verify the Text "HP LP3065" [[ChromeDriver: chrome on WINDOWS (1f8ca0f01febe14d7ca815fe7078e429)] -> xpath: //a[contains(text(),'HP LP3065')]]
2023-05-16 21:05:396 INFO  ProductPage :58 - Select 2022November30 to date field [[ChromeDriver: chrome on WINDOWS (1f8ca0f01febe14d7ca815fe7078e429)] -> xpath: //div[@class = 'input-group date']//button]
2023-05-16 21:05:656 INFO  ProductPage :82 - Enter Qty 1 to quantity field [[ChromeDriver: chrome on WINDOWS (1f8ca0f01febe14d7ca815fe7078e429)] -> xpath: //input[@id='input-quantity']]
2023-05-16 21:05:328 INFO  ProductPage :87 - Clicking on Login Button [[ChromeDriver: chrome on WINDOWS (1f8ca0f01febe14d7ca815fe7078e429)] -> xpath: //button[@id='button-cart']]
2023-05-16 21:05:861 INFO  ProductPage :91 - Verify the Message “Success: You have added HP LP3065 to your shopping cart!” [[ChromeDriver: chrome on WINDOWS (1f8ca0f01febe14d7ca815fe7078e429)] -> xpath: //div[@class='alert alert-success alert-dismissible']]
2023-05-16 21:05:952 INFO  ProductPage :97 - Click on link “shopping cart” display into success message [[ChromeDriver: chrome on WINDOWS (1f8ca0f01febe14d7ca815fe7078e429)] -> xpath: //a[contains(text(),'shopping cart')]]
2023-05-16 21:05:977 INFO  ShoppingCartPage :47 -  Verify the text Shopping Cart [[ChromeDriver: chrome on WINDOWS (1f8ca0f01febe14d7ca815fe7078e429)] -> xpath: //div[@id='content']//h1]
2023-05-16 21:05:22 INFO  ShoppingCartPage :52 - Verify the Product name HP LP3065 [[ChromeDriver: chrome on WINDOWS (1f8ca0f01febe14d7ca815fe7078e429)] -> xpath: //div[@class = 'table-responsive']/table/tbody/tr/td[2]/a]
2023-05-16 21:05:90 INFO  ShoppingCartPage :57 - Verify the Delivery Date 2022-11-30 [[ChromeDriver: chrome on WINDOWS (1f8ca0f01febe14d7ca815fe7078e429)] -> xpath: //div[@class = 'table-responsive']/table/tbody/tr/td[2]/small[1]]
2023-05-16 21:05:132 INFO  ShoppingCartPage :62 - Verify the Model Product21 [[ChromeDriver: chrome on WINDOWS (1f8ca0f01febe14d7ca815fe7078e429)] -> xpath: //div[@class = 'table-responsive']/table/tbody/tr/td[3]]
2023-05-16 21:05:176 INFO  ShoppingCartPage :67 - Verify the Total £74.73 [[ChromeDriver: chrome on WINDOWS (1f8ca0f01febe14d7ca815fe7078e429)] -> xpath: //div[@class = 'table-responsive']/table/tbody/tr/td[6]]
2023-05-16 21:05:723 INFO  HomePage :80 - Mouse hover on “Laptops & Notebooks” Tab and click [[ChromeDriver: chrome on WINDOWS (9cd33383265894cc3224387dcdfdea06)] -> link text: Laptops & Notebooks]
2023-05-16 21:05:320 INFO  HomePage :99 - Click on Show All LaptopAndNotebook Tab [[ChromeDriver: chrome on WINDOWS (9cd33383265894cc3224387dcdfdea06)] -> xpath: //a[normalize-space()='Show AllLaptops & Notebooks']]
2023-05-16 21:05:448 INFO  HomePage :105 - Clicking on Currency on top of page [[ChromeDriver: chrome on WINDOWS (9cd33383265894cc3224387dcdfdea06)] -> xpath: //span[normalize-space()='Currency']]
2023-05-16 21:05:304 INFO  HomePage :113 - Select £Pound Sterling from currency drop down list [[[ChromeDriver: chrome on WINDOWS (9cd33383265894cc3224387dcdfdea06)] -> xpath: //ul[@class = 'dropdown-menu']/li], [[ChromeDriver: chrome on WINDOWS (9cd33383265894cc3224387dcdfdea06)] -> xpath: //ul[@class = 'dropdown-menu']/li], [[ChromeDriver: chrome on WINDOWS (9cd33383265894cc3224387dcdfdea06)] -> xpath: //ul[@class = 'dropdown-menu']/li]]
2023-05-16 21:05:947 INFO  DesktopPage :74 - Select option product sorted by Price (High > Low)from sort by options [[ChromeDriver: chrome on WINDOWS (9cd33383265894cc3224387dcdfdea06)] -> id: input-sort]
2023-05-16 21:05:841 INFO  LaptopAndNotebookPage :80 - Select Macbook[[ChromeDriver: chrome on WINDOWS (9cd33383265894cc3224387dcdfdea06)] -> link text: MacBook]
2023-05-16 21:05:858 INFO  ProductPage :101 - Verify text MacBook [[ChromeDriver: chrome on WINDOWS (9cd33383265894cc3224387dcdfdea06)] -> xpath: //h1[contains(text(),'MacBook')]]
2023-05-16 21:05:532 INFO  ProductPage :87 - Clicking on Login Button [[ChromeDriver: chrome on WINDOWS (9cd33383265894cc3224387dcdfdea06)] -> xpath: //button[@id='button-cart']]
2023-05-16 21:05:67 INFO  ProductPage :91 - Verify the Message “Success: You have added HP LP3065 to your shopping cart!” [[ChromeDriver: chrome on WINDOWS (9cd33383265894cc3224387dcdfdea06)] -> xpath: //div[@class='alert alert-success alert-dismissible']]
2023-05-16 21:05:117 INFO  ProductPage :97 - Click on link “shopping cart” display into success message [[ChromeDriver: chrome on WINDOWS (9cd33383265894cc3224387dcdfdea06)] -> xpath: //a[contains(text(),'shopping cart')]]
2023-05-16 21:05:139 INFO  ShoppingCartPage :47 -  Verify the text Shopping Cart [[ChromeDriver: chrome on WINDOWS (9cd33383265894cc3224387dcdfdea06)] -> xpath: //div[@id='content']//h1]
2023-05-16 21:05:178 INFO  ShoppingCartPage :52 - Verify the Product name HP LP3065 [[ChromeDriver: chrome on WINDOWS (9cd33383265894cc3224387dcdfdea06)] -> xpath: //div[@class = 'table-responsive']/table/tbody/tr/td[2]/a]
2023-05-16 21:05:395 INFO  ShoppingCartPage :74 - Change Quantity 2 to quantity field [[ChromeDriver: chrome on WINDOWS (9cd33383265894cc3224387dcdfdea06)] -> xpath: //div[@class='input-group btn-block']/input[@type='text']]
2023-05-16 21:05:177 INFO  ShoppingCartPage :79 -  Click on “Update” Tab [[ChromeDriver: chrome on WINDOWS (9cd33383265894cc3224387dcdfdea06)] -> xpath: //i[@class = 'fa fa-refresh']]
2023-05-16 21:05:197 INFO  ShoppingCartPage :83 - Getting welcome back text [[ChromeDriver: chrome on WINDOWS (9cd33383265894cc3224387dcdfdea06)] -> xpath: //div[@id='checkout-cart']/div[1]]
2023-05-16 21:05:232 INFO  ShoppingCartPage :67 - Verify the Total £74.73 [[ChromeDriver: chrome on WINDOWS (9cd33383265894cc3224387dcdfdea06)] -> xpath: //div[@class = 'table-responsive']/table/tbody/tr/td[6]]
2023-05-16 21:05:768 INFO  ShoppingCartPage :89 - Click on “Checkout” button [[ChromeDriver: chrome on WINDOWS (9cd33383265894cc3224387dcdfdea06)] -> css selector: a.btn.btn-primary]
2023-05-16 21:05:798 INFO  CheckoutPage :76 - Verify the text “Checkout” [[ChromeDriver: chrome on WINDOWS (9cd33383265894cc3224387dcdfdea06)] -> xpath: //div[@id='content']/h1]
2023-05-16 21:05:337 INFO  CheckoutPage :82 - Verify the Text “New Customer” [[ChromeDriver: chrome on WINDOWS (9cd33383265894cc3224387dcdfdea06)] -> xpath: //h2[contains(text(),'New Customer')]]
2023-05-16 21:05:944 INFO  CheckoutPage :89 - Click on “Guest Checkout” radio button [[ChromeDriver: chrome on WINDOWS (9cd33383265894cc3224387dcdfdea06)] -> xpath: //input[@value='guest']]
2023-05-16 21:05:40 INFO  CheckoutPage :95 - Click on “Continue” tab [[ChromeDriver: chrome on WINDOWS (9cd33383265894cc3224387dcdfdea06)] -> xpath: //input[@id='button-account']]
2023-05-16 21:05:531 INFO  CheckoutPage :101 - Enter firstname Bhavisha to firstname field [[ChromeDriver: chrome on WINDOWS (9cd33383265894cc3224387dcdfdea06)] -> id: input-payment-firstname]
2023-05-16 21:05:740 INFO  CheckoutPage :107 - Enter lastname Patel to lastname field [[ChromeDriver: chrome on WINDOWS (9cd33383265894cc3224387dcdfdea06)] -> id: input-payment-lastname]
2023-05-16 21:05:916 INFO  CheckoutPage :113 - Enter email bhavisha to email field [[ChromeDriver: chrome on WINDOWS (9cd33383265894cc3224387dcdfdea06)] -> id: input-payment-email]
2023-05-16 21:05:78 INFO  CheckoutPage :119 - Enter phoneNumber 01234567890 to phoneNumber field [[ChromeDriver: chrome on WINDOWS (9cd33383265894cc3224387dcdfdea06)] -> id: input-payment-telephone]
2023-05-16 21:05:206 INFO  CheckoutPage :125 - Enter address Line 1 129 pinner road to address field [[ChromeDriver: chrome on WINDOWS (9cd33383265894cc3224387dcdfdea06)] -> id: input-payment-address-1]
2023-05-16 21:05:336 INFO  CheckoutPage :131 - Enter city London to city field [[ChromeDriver: chrome on WINDOWS (9cd33383265894cc3224387dcdfdea06)] -> id: input-payment-city]
2023-05-16 21:05:475 INFO  CheckoutPage :137 - Enter postcode N1 1AD to postcode field [[ChromeDriver: chrome on WINDOWS (9cd33383265894cc3224387dcdfdea06)] -> id: input-payment-postcode]
2023-05-16 21:05:589 INFO  CheckoutPage :143 - Select country United Kingdom to country field [[ChromeDriver: chrome on WINDOWS (9cd33383265894cc3224387dcdfdea06)] -> id: input-payment-country]
2023-05-16 21:05:701 INFO  CheckoutPage :150 - Select state Kent to state field [[ChromeDriver: chrome on WINDOWS (9cd33383265894cc3224387dcdfdea06)] -> id: input-payment-zone]
2023-05-16 21:05:797 INFO  CheckoutPage :156 -  Click on continue button [[ChromeDriver: chrome on WINDOWS (9cd33383265894cc3224387dcdfdea06)] -> id: button-guest]
2023-05-16 21:05:607 INFO  CheckoutPage :162 - Enter comments Nothing to Say! in to text area [[ChromeDriver: chrome on WINDOWS (9cd33383265894cc3224387dcdfdea06)] -> xpath: //textarea[@name='comment']]
2023-05-16 21:05:697 INFO  CheckoutPage :168 -  Check the Terms & Conditions check box [[ChromeDriver: chrome on WINDOWS (9cd33383265894cc3224387dcdfdea06)] -> xpath: //body/div[@id='checkout-checkout']/div[1]/div[1]/div[1]/div[3]/div[2]/div[1]/div[2]/div[1]/input[1]]
2023-05-16 21:05:782 INFO  CheckoutPage :174 - Click on “Continue” button [[ChromeDriver: chrome on WINDOWS (9cd33383265894cc3224387dcdfdea06)] -> id: button-payment-method]
2023-05-16 21:05:809 INFO  CheckoutPage :179 - Verify the message “Warning: Payment method required!” [[ChromeDriver: chrome on WINDOWS (9cd33383265894cc3224387dcdfdea06)] -> xpath: //div[@class='alert alert-danger alert-dismissible']]
2023-05-16 21:05:897 INFO  HomePage :128 - Select Login from myAccount drop down list [[[ChromeDriver: chrome on WINDOWS (114156e1f504d622b94dbd07d29ecbef)] -> xpath: //ul[@class='dropdown-menu dropdown-menu-right']/li], [[ChromeDriver: chrome on WINDOWS (114156e1f504d622b94dbd07d29ecbef)] -> xpath: //ul[@class='dropdown-menu dropdown-menu-right']/li]]
2023-05-16 21:05:147 INFO  LoginPage :43 - Enter email iampatel@gmail.comto email field [[ChromeDriver: chrome on WINDOWS (114156e1f504d622b94dbd07d29ecbef)] -> id: input-email]
2023-05-16 21:05:302 INFO  LoginPage :49 - Enter password HelloNum1to password field [[ChromeDriver: chrome on WINDOWS (114156e1f504d622b94dbd07d29ecbef)] -> id: input-password]
2023-05-16 21:05:49 INFO  LoginPage :55 - Clicking on Login Button [[ChromeDriver: chrome on WINDOWS (114156e1f504d622b94dbd07d29ecbef)] -> xpath: //input[@value='Login']]
2023-05-16 21:05:82 INFO  LoginPage :60 - Verify text “My Account” [[ChromeDriver: chrome on WINDOWS (114156e1f504d622b94dbd07d29ecbef)] -> xpath: //h2[text()='My Account']]
2023-05-16 21:05:55 INFO  HomePage :128 - Select Logout from myAccount drop down list [[[ChromeDriver: chrome on WINDOWS (114156e1f504d622b94dbd07d29ecbef)] -> xpath: //ul[@class='dropdown-menu dropdown-menu-right']/li], [[ChromeDriver: chrome on WINDOWS (114156e1f504d622b94dbd07d29ecbef)] -> xpath: //ul[@class='dropdown-menu dropdown-menu-right']/li], [[ChromeDriver: chrome on WINDOWS (114156e1f504d622b94dbd07d29ecbef)] -> xpath: //ul[@class='dropdown-menu dropdown-menu-right']/li], [[ChromeDriver: chrome on WINDOWS (114156e1f504d622b94dbd07d29ecbef)] -> xpath: //ul[@class='dropdown-menu dropdown-menu-right']/li], [[ChromeDriver: chrome on WINDOWS (114156e1f504d622b94dbd07d29ecbef)] -> xpath: //ul[@class='dropdown-menu dropdown-menu-right']/li]]
2023-05-16 21:05:92 INFO  LogoutPage :27 - Verify text "Account Logout" [[ChromeDriver: chrome on WINDOWS (114156e1f504d622b94dbd07d29ecbef)] -> xpath: //h1[text()='Account Logout']]
2023-05-16 21:05:659 INFO  LogoutPage :33 - Clicking on Continue Button [[ChromeDriver: chrome on WINDOWS (114156e1f504d622b94dbd07d29ecbef)] -> xpath: //a[contains(text(),'Continue')]]
2023-05-16 21:05:727 INFO  HomePage :128 - Select Register from myAccount drop down list [[[ChromeDriver: chrome on WINDOWS (6778fd8653a55a980512243c575f30a5)] -> xpath: //ul[@class='dropdown-menu dropdown-menu-right']/li], [[ChromeDriver: chrome on WINDOWS (6778fd8653a55a980512243c575f30a5)] -> xpath: //ul[@class='dropdown-menu dropdown-menu-right']/li]]
2023-05-16 21:05:882 INFO  RegisterPage :64 - Enter Firstname Iama to Firstname field [[ChromeDriver: chrome on WINDOWS (6778fd8653a55a980512243c575f30a5)] -> id: input-firstname]
2023-05-16 21:05:25 INFO  RegisterPage :69 - Enter Lastname Patel to Lastname field [[ChromeDriver: chrome on WINDOWS (6778fd8653a55a980512243c575f30a5)] -> id: input-lastname]
2023-05-16 21:05:207 INFO  RegisterPage :74 - Enter email patelMgXc@gmail.com to email field [[ChromeDriver: chrome on WINDOWS (6778fd8653a55a980512243c575f30a5)] -> id: input-email]
2023-05-16 21:05:366 INFO  RegisterPage :79 - Enter Telephone 01234567890 to Telephone field [[ChromeDriver: chrome on WINDOWS (6778fd8653a55a980512243c575f30a5)] -> id: input-telephone]
2023-05-16 21:05:502 INFO  RegisterPage :84 - Enter Password Hellonum1 to Password field [[ChromeDriver: chrome on WINDOWS (6778fd8653a55a980512243c575f30a5)] -> id: input-password]
2023-05-16 21:05:629 INFO  RegisterPage :89 - Enter ConfirmPassword Hellonum1 to ConfirmPassword field [[ChromeDriver: chrome on WINDOWS (6778fd8653a55a980512243c575f30a5)] -> id: input-confirm]
2023-05-16 21:05:681 INFO  RegisterPage :101 - Select Subscribe Yes radio button [[[ChromeDriver: chrome on WINDOWS (6778fd8653a55a980512243c575f30a5)] -> xpath: //fieldset[3]//input], [[ChromeDriver: chrome on WINDOWS (6778fd8653a55a980512243c575f30a5)] -> xpath: //fieldset[3]//input]]
2023-05-16 21:05:794 INFO  RegisterPage :106 - Click on Privacy Policy check box [[ChromeDriver: chrome on WINDOWS (6778fd8653a55a980512243c575f30a5)] -> xpath: //input[@name='agree']]
2023-05-16 21:05:136 INFO  RegisterPage :111 - Clicking on Continue Button [[ChromeDriver: chrome on WINDOWS (6778fd8653a55a980512243c575f30a5)] -> xpath: //input[@type='submit']]
2023-05-16 21:05:169 INFO  RegisterPage :115 - Verify the message “Your Account Has Been Created!” [[ChromeDriver: chrome on WINDOWS (6778fd8653a55a980512243c575f30a5)] -> xpath: //h1[text()='Your Account Has Been Created!']]
2023-05-16 21:05:737 INFO  RegisterPage :121 - Clicking on Continue Button [[ChromeDriver: chrome on WINDOWS (6778fd8653a55a980512243c575f30a5)] -> xpath: //a[text()='Continue']]
2023-05-16 21:05:735 INFO  HomePage :128 - Select Logout from myAccount drop down list [[[ChromeDriver: chrome on WINDOWS (6778fd8653a55a980512243c575f30a5)] -> xpath: //ul[@class='dropdown-menu dropdown-menu-right']/li], [[ChromeDriver: chrome on WINDOWS (6778fd8653a55a980512243c575f30a5)] -> xpath: //ul[@class='dropdown-menu dropdown-menu-right']/li], [[ChromeDriver: chrome on WINDOWS (6778fd8653a55a980512243c575f30a5)] -> xpath: //ul[@class='dropdown-menu dropdown-menu-right']/li], [[ChromeDriver: chrome on WINDOWS (6778fd8653a55a980512243c575f30a5)] -> xpath: //ul[@class='dropdown-menu dropdown-menu-right']/li], [[ChromeDriver: chrome on WINDOWS (6778fd8653a55a980512243c575f30a5)] -> xpath: //ul[@class='dropdown-menu dropdown-menu-right']/li]]
2023-05-16 21:05:772 INFO  LogoutPage :27 - Verify text "Account Logout" [[ChromeDriver: chrome on WINDOWS (6778fd8653a55a980512243c575f30a5)] -> xpath: //h1[text()='Account Logout']]
2023-05-16 21:05:350 INFO  LogoutPage :33 - Clicking on Continue Button [[ChromeDriver: chrome on WINDOWS (6778fd8653a55a980512243c575f30a5)] -> xpath: //a[contains(text(),'Continue')]]
2023-05-16 21:05:672 INFO  HomePage :80 - Mouse hover on “Laptops & Notebooks” Tab and click [[ChromeDriver: chrome on WINDOWS (3f04376533e0fe9ce639a88f1806520a)] -> link text: Laptops & Notebooks]
2023-05-16 21:05:707 INFO  HomePage :68 - Click Show All Laptops & Notebooks from homepage Top menu  []
2023-05-16 21:05:725 INFO  LaptopAndNotebookPage :39 - Verify the text ‘Laptops & Notebooks’ [[ChromeDriver: chrome on WINDOWS (3f04376533e0fe9ce639a88f1806520a)] -> xpath: //h2[contains(text(),'Laptops & Notebooks')]]
2023-05-16 21:05:530 INFO  HomePage :74 - Mouse hover on “Desktops” Tab and click [[ChromeDriver: chrome on WINDOWS (7cea09f94e0d426e9b779460c1d625f8)] -> link text: Desktops]
2023-05-16 21:05:169 INFO  HomePage :93 - Click on Show All Desktop tab [[ChromeDriver: chrome on WINDOWS (7cea09f94e0d426e9b779460c1d625f8)] -> xpath: //a[normalize-space()='Show AllDesktops']]
2023-05-16 21:05:394 INFO  DesktopPage :45 - Click on sort by position [[ChromeDriver: chrome on WINDOWS (7cea09f94e0d426e9b779460c1d625f8)] -> id: input-sort]
2023-05-16 21:05:148 INFO  DesktopPage :74 - Select option product sorted by Name (Z - A)from sort by options [[ChromeDriver: chrome on WINDOWS (7cea09f94e0d426e9b779460c1d625f8)] -> id: input-sort]
2023-05-16 21:05:513 INFO  HomePage :74 - Mouse hover on “Desktops” Tab and click [[ChromeDriver: chrome on WINDOWS (0f77351c405cffd62d195da35847e6a5)] -> link text: Desktops]
2023-05-16 21:05:49 INFO  HomePage :93 - Click on Show All Desktop tab [[ChromeDriver: chrome on WINDOWS (0f77351c405cffd62d195da35847e6a5)] -> xpath: //a[normalize-space()='Show AllDesktops']]
2023-05-16 21:05:133 INFO  HomePage :105 - Clicking on Currency on top of page [[ChromeDriver: chrome on WINDOWS (0f77351c405cffd62d195da35847e6a5)] -> xpath: //span[normalize-space()='Currency']]
2023-05-16 21:05:998 INFO  HomePage :113 - Select £Pound Sterling from currency drop down list [[[ChromeDriver: chrome on WINDOWS (0f77351c405cffd62d195da35847e6a5)] -> xpath: //ul[@class = 'dropdown-menu']/li], [[ChromeDriver: chrome on WINDOWS (0f77351c405cffd62d195da35847e6a5)] -> xpath: //ul[@class = 'dropdown-menu']/li], [[ChromeDriver: chrome on WINDOWS (0f77351c405cffd62d195da35847e6a5)] -> xpath: //ul[@class = 'dropdown-menu']/li]]
2023-05-16 21:05:710 INFO  DesktopPage :74 - Select option product sorted by Name (A - Z)from sort by options [[ChromeDriver: chrome on WINDOWS (0f77351c405cffd62d195da35847e6a5)] -> id: input-sort]
2023-05-16 21:05:627 INFO  DesktopPage :79 - Clicking on HP LP3065 [[ChromeDriver: chrome on WINDOWS (0f77351c405cffd62d195da35847e6a5)] -> xpath: //a[contains(text(),'HP LP3065')]]
2023-05-16 21:05:660 INFO  ProductPage :52 - Verify the Text "HP LP3065" [[ChromeDriver: chrome on WINDOWS (0f77351c405cffd62d195da35847e6a5)] -> xpath: //a[contains(text(),'HP LP3065')]]
2023-05-16 21:05:916 INFO  ProductPage :58 - Select 2022November30 to date field [[ChromeDriver: chrome on WINDOWS (0f77351c405cffd62d195da35847e6a5)] -> xpath: //div[@class = 'input-group date']//button]
2023-05-16 21:05:269 INFO  ProductPage :82 - Enter Qty 1 to quantity field [[ChromeDriver: chrome on WINDOWS (0f77351c405cffd62d195da35847e6a5)] -> xpath: //input[@id='input-quantity']]
2023-05-16 21:05:972 INFO  ProductPage :87 - Clicking on Login Button [[ChromeDriver: chrome on WINDOWS (0f77351c405cffd62d195da35847e6a5)] -> xpath: //button[@id='button-cart']]
2023-05-16 21:05:514 INFO  ProductPage :91 - Verify the Message “Success: You have added HP LP3065 to your shopping cart!” [[ChromeDriver: chrome on WINDOWS (0f77351c405cffd62d195da35847e6a5)] -> xpath: //div[@class='alert alert-success alert-dismissible']]
2023-05-16 21:05:682 INFO  ProductPage :97 - Click on link “shopping cart” display into success message [[ChromeDriver: chrome on WINDOWS (0f77351c405cffd62d195da35847e6a5)] -> xpath: //a[contains(text(),'shopping cart')]]
2023-05-16 21:05:748 INFO  ShoppingCartPage :47 -  Verify the text Shopping Cart [[ChromeDriver: chrome on WINDOWS (0f77351c405cffd62d195da35847e6a5)] -> xpath: //div[@id='content']//h1]
2023-05-16 21:05:811 INFO  ShoppingCartPage :52 - Verify the Product name HP LP3065 [[ChromeDriver: chrome on WINDOWS (0f77351c405cffd62d195da35847e6a5)] -> xpath: //div[@class = 'table-responsive']/table/tbody/tr/td[2]/a]
2023-05-16 21:05:850 INFO  ShoppingCartPage :57 - Verify the Delivery Date 2022-11-30 [[ChromeDriver: chrome on WINDOWS (0f77351c405cffd62d195da35847e6a5)] -> xpath: //div[@class = 'table-responsive']/table/tbody/tr/td[2]/small[1]]
2023-05-16 21:05:890 INFO  ShoppingCartPage :62 - Verify the Model Product21 [[ChromeDriver: chrome on WINDOWS (0f77351c405cffd62d195da35847e6a5)] -> xpath: //div[@class = 'table-responsive']/table/tbody/tr/td[3]]
2023-05-16 21:05:939 INFO  ShoppingCartPage :67 - Verify the Total £74.73 [[ChromeDriver: chrome on WINDOWS (0f77351c405cffd62d195da35847e6a5)] -> xpath: //div[@class = 'table-responsive']/table/tbody/tr/td[6]]
2023-05-16 21:05:842 INFO  HomePage :80 - Mouse hover on “Laptops & Notebooks” Tab and click [[ChromeDriver: chrome on WINDOWS (0dee4b54619382cae5b83aa5aecc0769)] -> link text: Laptops & Notebooks]
2023-05-16 21:05:419 INFO  HomePage :99 - Click on Show All LaptopAndNotebook Tab [[ChromeDriver: chrome on WINDOWS (0dee4b54619382cae5b83aa5aecc0769)] -> xpath: //a[normalize-space()='Show AllLaptops & Notebooks']]
2023-05-16 21:05:643 INFO  DesktopPage :45 - Click on sort by position [[ChromeDriver: chrome on WINDOWS (0dee4b54619382cae5b83aa5aecc0769)] -> id: input-sort]
2023-05-16 21:05:320 INFO  DesktopPage :74 - Select option product sorted by Price (High > Low)from sort by options [[ChromeDriver: chrome on WINDOWS (0dee4b54619382cae5b83aa5aecc0769)] -> id: input-sort]
2023-05-16 21:05:479 INFO  LaptopAndNotebookPage :63 - Verify Product sorted  price High to low [[[ChromeDriver: chrome on WINDOWS (0dee4b54619382cae5b83aa5aecc0769)] -> xpath: //p[@class ='price']], [[ChromeDriver: chrome on WINDOWS (0dee4b54619382cae5b83aa5aecc0769)] -> xpath: //p[@class ='price']], [[ChromeDriver: chrome on WINDOWS (0dee4b54619382cae5b83aa5aecc0769)] -> xpath: //p[@class ='price']], [[ChromeDriver: chrome on WINDOWS (0dee4b54619382cae5b83aa5aecc0769)] -> xpath: //p[@class ='price']], [[ChromeDriver: chrome on WINDOWS (0dee4b54619382cae5b83aa5aecc0769)] -> xpath: //p[@class ='price']]]
2023-05-16 21:05:566 INFO  LaptopAndNotebookPage :63 - Verify Product sorted  price High to low [[[ChromeDriver: chrome on WINDOWS (0dee4b54619382cae5b83aa5aecc0769)] -> xpath: //p[@class ='price']], [[ChromeDriver: chrome on WINDOWS (0dee4b54619382cae5b83aa5aecc0769)] -> xpath: //p[@class ='price']], [[ChromeDriver: chrome on WINDOWS (0dee4b54619382cae5b83aa5aecc0769)] -> xpath: //p[@class ='price']], [[ChromeDriver: chrome on WINDOWS (0dee4b54619382cae5b83aa5aecc0769)] -> xpath: //p[@class ='price']], [[ChromeDriver: chrome on WINDOWS (0dee4b54619382cae5b83aa5aecc0769)] -> xpath: //p[@class ='price']]]
2023-05-16 21:05:877 INFO  HomePage :80 - Mouse hover on “Laptops & Notebooks” Tab and click [[ChromeDriver: chrome on WINDOWS (60c03d87128857529fa0592f77abf1ed)] -> link text: Laptops & Notebooks]
2023-05-16 21:05:433 INFO  HomePage :99 - Click on Show All LaptopAndNotebook Tab [[ChromeDriver: chrome on WINDOWS (60c03d87128857529fa0592f77abf1ed)] -> xpath: //a[normalize-space()='Show AllLaptops & Notebooks']]
2023-05-16 21:05:510 INFO  HomePage :105 - Clicking on Currency on top of page [[ChromeDriver: chrome on WINDOWS (60c03d87128857529fa0592f77abf1ed)] -> xpath: //span[normalize-space()='Currency']]
2023-05-16 21:05:374 INFO  HomePage :113 - Select £Pound Sterling from currency drop down list [[[ChromeDriver: chrome on WINDOWS (60c03d87128857529fa0592f77abf1ed)] -> xpath: //ul[@class = 'dropdown-menu']/li], [[ChromeDriver: chrome on WINDOWS (60c03d87128857529fa0592f77abf1ed)] -> xpath: //ul[@class = 'dropdown-menu']/li], [[ChromeDriver: chrome on WINDOWS (60c03d87128857529fa0592f77abf1ed)] -> xpath: //ul[@class = 'dropdown-menu']/li]]
2023-05-16 21:05:46 INFO  DesktopPage :74 - Select option product sorted by Price (High > Low)from sort by options [[ChromeDriver: chrome on WINDOWS (60c03d87128857529fa0592f77abf1ed)] -> id: input-sort]
2023-05-16 21:05:12 INFO  LaptopAndNotebookPage :80 - Select Macbook[[ChromeDriver: chrome on WINDOWS (60c03d87128857529fa0592f77abf1ed)] -> link text: MacBook]
2023-05-16 21:05:39 INFO  ProductPage :101 - Verify text MacBook [[ChromeDriver: chrome on WINDOWS (60c03d87128857529fa0592f77abf1ed)] -> xpath: //h1[contains(text(),'MacBook')]]
2023-05-16 21:05:733 INFO  ProductPage :87 - Clicking on Login Button [[ChromeDriver: chrome on WINDOWS (60c03d87128857529fa0592f77abf1ed)] -> xpath: //button[@id='button-cart']]
2023-05-16 21:05:270 INFO  ProductPage :91 - Verify the Message “Success: You have added HP LP3065 to your shopping cart!” [[ChromeDriver: chrome on WINDOWS (60c03d87128857529fa0592f77abf1ed)] -> xpath: //div[@class='alert alert-success alert-dismissible']]
2023-05-16 21:05:329 INFO  ProductPage :97 - Click on link “shopping cart” display into success message [[ChromeDriver: chrome on WINDOWS (60c03d87128857529fa0592f77abf1ed)] -> xpath: //a[contains(text(),'shopping cart')]]
2023-05-16 21:05:349 INFO  ShoppingCartPage :47 -  Verify the text Shopping Cart [[ChromeDriver: chrome on WINDOWS (60c03d87128857529fa0592f77abf1ed)] -> xpath: //div[@id='content']//h1]
2023-05-16 21:05:387 INFO  ShoppingCartPage :52 - Verify the Product name HP LP3065 [[ChromeDriver: chrome on WINDOWS (60c03d87128857529fa0592f77abf1ed)] -> xpath: //div[@class = 'table-responsive']/table/tbody/tr/td[2]/a]
2023-05-16 21:05:593 INFO  ShoppingCartPage :74 - Change Quantity 2 to quantity field [[ChromeDriver: chrome on WINDOWS (60c03d87128857529fa0592f77abf1ed)] -> xpath: //div[@class='input-group btn-block']/input[@type='text']]
2023-05-16 21:05:328 INFO  ShoppingCartPage :79 -  Click on “Update” Tab [[ChromeDriver: chrome on WINDOWS (60c03d87128857529fa0592f77abf1ed)] -> xpath: //i[@class = 'fa fa-refresh']]
2023-05-16 21:05:354 INFO  ShoppingCartPage :83 - Getting welcome back text [[ChromeDriver: chrome on WINDOWS (60c03d87128857529fa0592f77abf1ed)] -> xpath: //div[@id='checkout-cart']/div[1]]
2023-05-16 21:05:386 INFO  ShoppingCartPage :67 - Verify the Total £74.73 [[ChromeDriver: chrome on WINDOWS (60c03d87128857529fa0592f77abf1ed)] -> xpath: //div[@class = 'table-responsive']/table/tbody/tr/td[6]]
2023-05-16 21:05:914 INFO  ShoppingCartPage :89 - Click on “Checkout” button [[ChromeDriver: chrome on WINDOWS (60c03d87128857529fa0592f77abf1ed)] -> css selector: a.btn.btn-primary]
2023-05-16 21:05:936 INFO  CheckoutPage :76 - Verify the text “Checkout” [[ChromeDriver: chrome on WINDOWS (60c03d87128857529fa0592f77abf1ed)] -> xpath: //div[@id='content']/h1]
2023-05-16 21:05:473 INFO  CheckoutPage :82 - Verify the Text “New Customer” [[ChromeDriver: chrome on WINDOWS (60c03d87128857529fa0592f77abf1ed)] -> xpath: //h2[contains(text(),'New Customer')]]
2023-05-16 21:05:80 INFO  CheckoutPage :89 - Click on “Guest Checkout” radio button [[ChromeDriver: chrome on WINDOWS (60c03d87128857529fa0592f77abf1ed)] -> xpath: //input[@value='guest']]
2023-05-16 21:05:163 INFO  CheckoutPage :95 - Click on “Continue” tab [[ChromeDriver: chrome on WINDOWS (60c03d87128857529fa0592f77abf1ed)] -> xpath: //input[@id='button-account']]
2023-05-16 21:05:567 INFO  CheckoutPage :101 - Enter firstname Bhavisha to firstname field [[ChromeDriver: chrome on WINDOWS (60c03d87128857529fa0592f77abf1ed)] -> id: input-payment-firstname]
2023-05-16 21:05:688 INFO  CheckoutPage :107 - Enter lastname Patel to lastname field [[ChromeDriver: chrome on WINDOWS (60c03d87128857529fa0592f77abf1ed)] -> id: input-payment-lastname]
2023-05-16 21:05:874 INFO  CheckoutPage :113 - Enter email bhavisha to email field [[ChromeDriver: chrome on WINDOWS (60c03d87128857529fa0592f77abf1ed)] -> id: input-payment-email]
2023-05-16 21:05:19 INFO  CheckoutPage :119 - Enter phoneNumber 01234567890 to phoneNumber field [[ChromeDriver: chrome on WINDOWS (60c03d87128857529fa0592f77abf1ed)] -> id: input-payment-telephone]
2023-05-16 21:05:148 INFO  CheckoutPage :125 - Enter address Line 1 129 pinner road to address field [[ChromeDriver: chrome on WINDOWS (60c03d87128857529fa0592f77abf1ed)] -> id: input-payment-address-1]
2023-05-16 21:05:251 INFO  CheckoutPage :131 - Enter city London to city field [[ChromeDriver: chrome on WINDOWS (60c03d87128857529fa0592f77abf1ed)] -> id: input-payment-city]
2023-05-16 21:05:359 INFO  CheckoutPage :137 - Enter postcode N1 1AD to postcode field [[ChromeDriver: chrome on WINDOWS (60c03d87128857529fa0592f77abf1ed)] -> id: input-payment-postcode]
2023-05-16 21:05:446 INFO  CheckoutPage :143 - Select country United Kingdom to country field [[ChromeDriver: chrome on WINDOWS (60c03d87128857529fa0592f77abf1ed)] -> id: input-payment-country]
2023-05-16 21:05:570 INFO  CheckoutPage :150 - Select state Kent to state field [[ChromeDriver: chrome on WINDOWS (60c03d87128857529fa0592f77abf1ed)] -> id: input-payment-zone]
2023-05-16 21:05:658 INFO  CheckoutPage :156 -  Click on continue button [[ChromeDriver: chrome on WINDOWS (60c03d87128857529fa0592f77abf1ed)] -> id: button-guest]
2023-05-16 21:05:425 INFO  CheckoutPage :162 - Enter comments Nothing to Say! in to text area [[ChromeDriver: chrome on WINDOWS (60c03d87128857529fa0592f77abf1ed)] -> xpath: //textarea[@name='comment']]
2023-05-16 21:05:507 INFO  CheckoutPage :168 -  Check the Terms & Conditions check box [[ChromeDriver: chrome on WINDOWS (60c03d87128857529fa0592f77abf1ed)] -> xpath: //body/div[@id='checkout-checkout']/div[1]/div[1]/div[1]/div[3]/div[2]/div[1]/div[2]/div[1]/input[1]]
2023-05-16 21:05:587 INFO  CheckoutPage :174 - Click on “Continue” button [[ChromeDriver: chrome on WINDOWS (60c03d87128857529fa0592f77abf1ed)] -> id: button-payment-method]
2023-05-16 21:05:611 INFO  CheckoutPage :179 - Verify the message “Warning: Payment method required!” [[ChromeDriver: chrome on WINDOWS (60c03d87128857529fa0592f77abf1ed)] -> xpath: //div[@class='alert alert-danger alert-dismissible']]
2023-05-16 21:05:941 INFO  HomePage :128 - Select Login from myAccount drop down list [[[ChromeDriver: chrome on WINDOWS (ec9bb7d18b24898fc0b93236a96556d4)] -> xpath: //ul[@class='dropdown-menu dropdown-menu-right']/li], [[ChromeDriver: chrome on WINDOWS (ec9bb7d18b24898fc0b93236a96556d4)] -> xpath: //ul[@class='dropdown-menu dropdown-menu-right']/li]]
2023-05-16 21:05:973 INFO  LoginPage :36 - Verify the text “Returning Customer” [[ChromeDriver: chrome on WINDOWS (ec9bb7d18b24898fc0b93236a96556d4)] -> xpath: //h2[contains(text(),'Returning Customer')]]
2023-05-16 21:05:701 INFO  HomePage :128 - Select Login from myAccount drop down list [[[ChromeDriver: chrome on WINDOWS (cec8f65dbe541e8eec88f73b654a5ba5)] -> xpath: //ul[@class='dropdown-menu dropdown-menu-right']/li], [[ChromeDriver: chrome on WINDOWS (cec8f65dbe541e8eec88f73b654a5ba5)] -> xpath: //ul[@class='dropdown-menu dropdown-menu-right']/li]]
2023-05-16 21:05:898 INFO  LoginPage :43 - Enter email iampatel@gmail.comto email field [[ChromeDriver: chrome on WINDOWS (cec8f65dbe541e8eec88f73b654a5ba5)] -> id: input-email]
2023-05-16 21:05:54 INFO  LoginPage :49 - Enter password HelloNum1to password field [[ChromeDriver: chrome on WINDOWS (cec8f65dbe541e8eec88f73b654a5ba5)] -> id: input-password]
2023-05-16 21:05:889 INFO  LoginPage :55 - Clicking on Login Button [[ChromeDriver: chrome on WINDOWS (cec8f65dbe541e8eec88f73b654a5ba5)] -> xpath: //input[@value='Login']]
2023-05-16 21:05:930 INFO  LoginPage :60 - Verify text “My Account” [[ChromeDriver: chrome on WINDOWS (cec8f65dbe541e8eec88f73b654a5ba5)] -> xpath: //h2[text()='My Account']]
2023-05-16 21:05:921 INFO  HomePage :128 - Select Logout from myAccount drop down list [[[ChromeDriver: chrome on WINDOWS (cec8f65dbe541e8eec88f73b654a5ba5)] -> xpath: //ul[@class='dropdown-menu dropdown-menu-right']/li], [[ChromeDriver: chrome on WINDOWS (cec8f65dbe541e8eec88f73b654a5ba5)] -> xpath: //ul[@class='dropdown-menu dropdown-menu-right']/li], [[ChromeDriver: chrome on WINDOWS (cec8f65dbe541e8eec88f73b654a5ba5)] -> xpath: //ul[@class='dropdown-menu dropdown-menu-right']/li], [[ChromeDriver: chrome on WINDOWS (cec8f65dbe541e8eec88f73b654a5ba5)] -> xpath: //ul[@class='dropdown-menu dropdown-menu-right']/li], [[ChromeDriver: chrome on WINDOWS (cec8f65dbe541e8eec88f73b654a5ba5)] -> xpath: //ul[@class='dropdown-menu dropdown-menu-right']/li]]
2023-05-16 21:05:957 INFO  LogoutPage :27 - Verify text "Account Logout" [[ChromeDriver: chrome on WINDOWS (cec8f65dbe541e8eec88f73b654a5ba5)] -> xpath: //h1[text()='Account Logout']]
2023-05-16 21:05:513 INFO  LogoutPage :33 - Clicking on Continue Button [[ChromeDriver: chrome on WINDOWS (cec8f65dbe541e8eec88f73b654a5ba5)] -> xpath: //a[contains(text(),'Continue')]]
2023-05-16 21:05:717 INFO  HomePage :128 - Select Register from myAccount drop down list [[[ChromeDriver: chrome on WINDOWS (1708c31eb77c6dd0b22818ca1378a030)] -> xpath: //ul[@class='dropdown-menu dropdown-menu-right']/li], [[ChromeDriver: chrome on WINDOWS (1708c31eb77c6dd0b22818ca1378a030)] -> xpath: //ul[@class='dropdown-menu dropdown-menu-right']/li]]
2023-05-16 21:05:766 INFO  RegisterPage :58 - Verify the text “Register Account”. [[ChromeDriver: chrome on WINDOWS (1708c31eb77c6dd0b22818ca1378a030)] -> xpath: //h1[contains(text(),'Register Account')]]
2023-05-16 21:05:692 INFO  HomePage :128 - Select Register from myAccount drop down list [[[ChromeDriver: chrome on WINDOWS (c5ac909e1b0bfba53e13d33de29224d8)] -> xpath: //ul[@class='dropdown-menu dropdown-menu-right']/li], [[ChromeDriver: chrome on WINDOWS (c5ac909e1b0bfba53e13d33de29224d8)] -> xpath: //ul[@class='dropdown-menu dropdown-menu-right']/li]]
2023-05-16 21:05:864 INFO  RegisterPage :64 - Enter Firstname Iama to Firstname field [[ChromeDriver: chrome on WINDOWS (c5ac909e1b0bfba53e13d33de29224d8)] -> id: input-firstname]
2023-05-16 21:05:10 INFO  RegisterPage :69 - Enter Lastname Patel to Lastname field [[ChromeDriver: chrome on WINDOWS (c5ac909e1b0bfba53e13d33de29224d8)] -> id: input-lastname]
2023-05-16 21:05:168 INFO  RegisterPage :74 - Enter email pateltYp6@gmail.com to email field [[ChromeDriver: chrome on WINDOWS (c5ac909e1b0bfba53e13d33de29224d8)] -> id: input-email]
2023-05-16 21:05:303 INFO  RegisterPage :79 - Enter Telephone 01234567890 to Telephone field [[ChromeDriver: chrome on WINDOWS (c5ac909e1b0bfba53e13d33de29224d8)] -> id: input-telephone]
2023-05-16 21:05:445 INFO  RegisterPage :84 - Enter Password Hellonum1 to Password field [[ChromeDriver: chrome on WINDOWS (c5ac909e1b0bfba53e13d33de29224d8)] -> id: input-password]
2023-05-16 21:05:551 INFO  RegisterPage :89 - Enter ConfirmPassword Hellonum1 to ConfirmPassword field [[ChromeDriver: chrome on WINDOWS (c5ac909e1b0bfba53e13d33de29224d8)] -> id: input-confirm]
2023-05-16 21:05:596 INFO  RegisterPage :101 - Select Subscribe Yes radio button [[[ChromeDriver: chrome on WINDOWS (c5ac909e1b0bfba53e13d33de29224d8)] -> xpath: //fieldset[3]//input], [[ChromeDriver: chrome on WINDOWS (c5ac909e1b0bfba53e13d33de29224d8)] -> xpath: //fieldset[3]//input]]
2023-05-16 21:05:699 INFO  RegisterPage :106 - Click on Privacy Policy check box [[ChromeDriver: chrome on WINDOWS (c5ac909e1b0bfba53e13d33de29224d8)] -> xpath: //input[@name='agree']]
2023-05-16 21:05:897 INFO  RegisterPage :111 - Clicking on Continue Button [[ChromeDriver: chrome on WINDOWS (c5ac909e1b0bfba53e13d33de29224d8)] -> xpath: //input[@type='submit']]
2023-05-16 21:05:931 INFO  RegisterPage :115 - Verify the message “Your Account Has Been Created!” [[ChromeDriver: chrome on WINDOWS (c5ac909e1b0bfba53e13d33de29224d8)] -> xpath: //h1[text()='Your Account Has Been Created!']]
2023-05-16 21:05:477 INFO  RegisterPage :121 - Clicking on Continue Button [[ChromeDriver: chrome on WINDOWS (c5ac909e1b0bfba53e13d33de29224d8)] -> xpath: //a[text()='Continue']]
2023-05-16 21:05:430 INFO  HomePage :128 - Select Logout from myAccount drop down list [[[ChromeDriver: chrome on WINDOWS (c5ac909e1b0bfba53e13d33de29224d8)] -> xpath: //ul[@class='dropdown-menu dropdown-menu-right']/li], [[ChromeDriver: chrome on WINDOWS (c5ac909e1b0bfba53e13d33de29224d8)] -> xpath: //ul[@class='dropdown-menu dropdown-menu-right']/li], [[ChromeDriver: chrome on WINDOWS (c5ac909e1b0bfba53e13d33de29224d8)] -> xpath: //ul[@class='dropdown-menu dropdown-menu-right']/li], [[ChromeDriver: chrome on WINDOWS (c5ac909e1b0bfba53e13d33de29224d8)] -> xpath: //ul[@class='dropdown-menu dropdown-menu-right']/li], [[ChromeDriver: chrome on WINDOWS (c5ac909e1b0bfba53e13d33de29224d8)] -> xpath: //ul[@class='dropdown-menu dropdown-menu-right']/li]]
2023-05-16 21:05:467 INFO  LogoutPage :27 - Verify text "Account Logout" [[ChromeDriver: chrome on WINDOWS (c5ac909e1b0bfba53e13d33de29224d8)] -> xpath: //h1[text()='Account Logout']]
2023-05-16 21:05:31 INFO  LogoutPage :33 - Clicking on Continue Button [[ChromeDriver: chrome on WINDOWS (c5ac909e1b0bfba53e13d33de29224d8)] -> xpath: //a[contains(text(),'Continue')]]
2023-05-16 21:05:288 INFO  HomePage :74 - Mouse hover on “Desktops” Tab and click [[ChromeDriver: chrome on WINDOWS (124b663fac2c35ba8d578a8e56db33ed)] -> link text: Desktops]
2023-05-16 21:05:319 INFO  HomePage :68 - Click Show All Desktops from homepage Top menu  []
2023-05-16 21:05:337 INFO  DesktopPage :39 - Verify the text ‘Desktops’[[ChromeDriver: chrome on WINDOWS (124b663fac2c35ba8d578a8e56db33ed)] -> xpath: //h2[contains(text(),'Desktops')]]
2023-05-16 21:05:565 INFO  HomePage :80 - Mouse hover on “Laptops & Notebooks” Tab and click [[ChromeDriver: chrome on WINDOWS (682a2782bde14e5e42a2566e1ed69a95)] -> link text: Laptops & Notebooks]
2023-05-16 21:05:629 INFO  HomePage :68 - Click Show All Laptops & Notebooks from homepage Top menu  []
2023-05-16 21:05:647 INFO  LaptopAndNotebookPage :39 - Verify the text ‘Laptops & Notebooks’ [[ChromeDriver: chrome on WINDOWS (682a2782bde14e5e42a2566e1ed69a95)] -> xpath: //h2[contains(text(),'Laptops & Notebooks')]]
2023-05-16 21:05:63 INFO  HomePage :86 -  Mouse hover on “Components” Tab and click [[ChromeDriver: chrome on WINDOWS (922b34cd6b5caedc947c7e8c3d00ebbd)] -> link text: Components]
2023-05-16 21:05:89 INFO  HomePage :68 - Click Show All Components from homepage Top menu  []
2023-05-16 21:05:107 INFO  ComponentsPage :21 - Verify the text ‘Components’ [[ChromeDriver: chrome on WINDOWS (922b34cd6b5caedc947c7e8c3d00ebbd)] -> xpath: //h2[contains(text(),'Components')]]
